<?xml version="1.0" encoding="UTF-8"?>
<!-- Generated by org.testng.reporters.JUnitReportReporter -->
<testsuite hostname="owners-MacBook-Pro.local" failures="0" tests="2" name="com.careerhack.runner.SmokeTestRunner" time="9.101" errors="0" timestamp="2022-05-12T18:48:12 EDT" skipped="0">
  <testcase classname="com.careerhack.runner.SmokeTestRunner" name="runScenario" time="4.386"/>
  <system-out/>
  <testcase classname="com.careerhack.runner.SmokeTestRunner" name="runScenario" time="4.715"/>
  <system-out/>
</testsuite> <!-- com.careerhack.runner.SmokeTestRunner -->
